#
# There is insufficient memory for the Java Runtime Environment to continue.
# Native memory allocation (mmap) failed to map 100663296 bytes for G1 virtual space
# Possible reasons:
#   The system is out of physical RAM or swap space
#   The process is running with CompressedOops enabled, and the Java Heap may be blocking the growth of the native heap
# Possible solutions:
#   Reduce memory load on the system
#   Increase physical memory or swap space
#   Check if swap backing store is full
#   Decrease Java heap size (-Xmx/-Xms)
#   Decrease number of Java threads
#   Decrease Java thread stack sizes (-Xss)
#   Set larger code cache with -XX:ReservedCodeCacheSize=
#   JVM is running with Unscaled Compressed Oops mode in which the Java heap is
#     placed in the first 4GB address space. The Java Heap base address is the
#     maximum limit for the native heap growth. Please use -XX:HeapBaseMinAddress
#     to set the Java Heap base and to place the Java Heap above 4GB virtual address.
# This output file may be truncated or incomplete.
#
#  Out of Memory Error (os_windows.cpp:3760), pid=11312, tid=16492
#
# JRE version:  (17.0.5+1) (build )
# Java VM: OpenJDK 64-Bit Server VM (17.0.5+1-b653.25, mixed mode, sharing, tiered, compressed oops, compressed class ptrs, g1 gc, windows-amd64)
# No core dump will be written. Minidumps are not enabled by default on client versions of Windows
#

---------------  S U M M A R Y ------------

Command Line: git4idea.http.GitAskPassApp Username for 'https://github.com': 

Host: AMD Ryzen 3 3200U with Radeon Vega Mobile Gfx  , 4 cores, 5G,  Windows 11 , 64 bit Build 22621 (10.0.22621.1344)
Time: Fri Mar 24 00:27:31 2023 Afr. centrale Ouest elapsed time: 0.041132 seconds (0d 0h 0m 0s)

---------------  T H R E A D  ---------------

Current thread (0x000001d5ce13dab0):  JavaThread "Unknown thread" [_thread_in_vm, id=16492, stack(0x0000002b1e300000,0x0000002b1e400000)]

Stack: [0x0000002b1e300000,0x0000002b1e400000]
Native frames: (J=compiled Java code, j=interpreted, Vv=VM code, C=native code)
V  [jvm.dll+0x6830ca]
V  [jvm.dll+0x83f4c4]
V  [jvm.dll+0x840c6e]
V  [jvm.dll+0x8412d3]
V  [jvm.dll+0x2490b5]
V  [jvm.dll+0x67ff99]
V  [jvm.dll+0x6744aa]
V  [jvm.dll+0x308f2b]
V  [jvm.dll+0x3103e6]
V  [jvm.dll+0x36013e]
V  [jvm.dll+0x36036f]
V  [jvm.dll+0x2df018]
V  [jvm.dll+0x2dff84]
V  [jvm.dll+0x810d91]
V  [jvm.dll+0x36df31]
V  [jvm.dll+0x7f028c]
V  [jvm.dll+0x3f0cbf]
V  [jvm.dll+0x3f2801]
C  [jli.dll+0x526b]
C  [ucrtbase.dll+0x29363]
C  [KERNEL32.DLL+0x126bd]
C  [ntdll.dll+0x5a9f8]


---------------  P R O C E S S  ---------------

Threads class SMR info:
_java_thread_list=0x00007ffded338f98, length=0, elements={
}

Java Threads: ( => current thread )

Other Threads:
  0x000001d5ce188e40 GCTaskThread "GC Thread#0" [stack: 0x0000002b1e400000,0x0000002b1e500000] [id=20308]
  0x000001d5ce195b20 ConcurrentGCThread "G1 Main Marker" [stack: 0x0000002b1e500000,0x0000002b1e600000] [id=17148]
  0x000001d5ce197b80 ConcurrentGCThread "G1 Conc#0" [stack: 0x0000002b1e600000,0x0000002b1e700000] [id=20916]

[error occurred during error reporting (printing all threads), id 0xc0000005, EXCEPTION_ACCESS_VIOLATION (0xc0000005) at pc=0x00007ffdecaefbd7]

VM state: not at safepoint (not fully initialized)

VM Mutex/Monitor currently owned by a thread:  ([mutex/lock_event])
[0x000001d5ce138d70] Heap_lock - owner thread: 0x000001d5ce13dab0

Heap address: 0x00000000a1e00000, size: 1506 MB, Compressed Oops mode: 32-bit

CDS archive(s) mapped at: [0x0000000000000000-0x0000000000000000-0x0000000000000000), size 0, SharedBaseAddress: 0x0000000800000000, ArchiveRelocationMode: 0.
Narrow klass base: 0x0000000000000000, Narrow klass shift: 0, Narrow klass range: 0x0

GC Precious Log:
<Empty>

Heap:
 garbage-first heap   total 0K, used 0K [0x00000000a1e00000, 0x0000000100000000)
  region size 1024K, 0 young (0K), 0 survivors (0K)

[error occurred during error reporting (printing heap information), id 0xc0000005, EXCEPTION_ACCESS_VIOLATION (0xc0000005) at pc=0x00007ffdecedcd59]

GC Heap History (0 events):
No events

Dll operation events (1 events):
Event: 0.023 Loaded shared library C:\Program Files\JetBrains\PhpStorm 2022.3.2\jbr\bin\java.dll

Deoptimization events (0 events):
No events

Classes unloaded (0 events):
No events

Classes redefined (0 events):
No events

Internal exceptions (0 events):
No events

VM Operations (0 events):
No events

Events (0 events):
No events


Dynamic libraries:
0x00007ff7c4550000 - 0x00007ff7c455a000 	C:\Program Files\JetBrains\PhpStorm 2022.3.2\jbr\bin\java.exe
0x00007ffe8cbf0000 - 0x00007ffe8ce04000 	C:\Windows\SYSTEM32\ntdll.dll
0x00007ffe8b6a0000 - 0x00007ffe8b763000 	C:\Windows\System32\KERNEL32.DLL
0x00007ffe8a450000 - 0x00007ffe8a7ec000 	C:\Windows\System32\KERNELBASE.dll
0x00007ffe8a000000 - 0x00007ffe8a111000 	C:\Windows\System32\ucrtbase.dll
0x00007ffe52070000 - 0x00007ffe5208b000 	C:\Program Files\JetBrains\PhpStorm 2022.3.2\jbr\bin\VCRUNTIME140.dll
0x00007ffe63620000 - 0x00007ffe63637000 	C:\Program Files\JetBrains\PhpStorm 2022.3.2\jbr\bin\jli.dll
0x00007ffe8b1c0000 - 0x00007ffe8b36d000 	C:\Windows\System32\USER32.dll
0x00007ffe8a290000 - 0x00007ffe8a2b6000 	C:\Windows\System32\win32u.dll
0x00007ffe8b080000 - 0x00007ffe8b0a9000 	C:\Windows\System32\GDI32.dll
0x00007ffe77c40000 - 0x00007ffe77ece000 	C:\Windows\WinSxS\amd64_microsoft.windows.common-controls_6595b64144ccf1df_6.0.22621.608_none_a9444ca7c10bb01d\COMCTL32.dll
0x00007ffe8a7f0000 - 0x00007ffe8a903000 	C:\Windows\System32\gdi32full.dll
0x00007ffe8b830000 - 0x00007ffe8b8d7000 	C:\Windows\System32\msvcrt.dll
0x00007ffe8a2c0000 - 0x00007ffe8a35a000 	C:\Windows\System32\msvcp_win.dll
0x00007ffe8c020000 - 0x00007ffe8c051000 	C:\Windows\System32\IMM32.DLL
0x00007ffe78460000 - 0x00007ffe7846c000 	C:\Program Files\JetBrains\PhpStorm 2022.3.2\jbr\bin\vcruntime140_1.dll
0x00007ffe4ba00000 - 0x00007ffe4ba8d000 	C:\Program Files\JetBrains\PhpStorm 2022.3.2\jbr\bin\msvcp140.dll
0x00007ffdec800000 - 0x00007ffded46b000 	C:\Program Files\JetBrains\PhpStorm 2022.3.2\jbr\bin\server\jvm.dll
0x00007ffe8b770000 - 0x00007ffe8b81e000 	C:\Windows\System32\ADVAPI32.dll
0x00007ffe8b110000 - 0x00007ffe8b1b4000 	C:\Windows\System32\sechost.dll
0x00007ffe8bb30000 - 0x00007ffe8bc45000 	C:\Windows\System32\RPCRT4.dll
0x00007ffe67800000 - 0x00007ffe67809000 	C:\Windows\SYSTEM32\WSOCK32.dll
0x00007ffe81110000 - 0x00007ffe81144000 	C:\Windows\SYSTEM32\WINMM.dll
0x00007ffe8bab0000 - 0x00007ffe8bb21000 	C:\Windows\System32\WS2_32.dll
0x00007ffe80d70000 - 0x00007ffe80d7a000 	C:\Windows\SYSTEM32\VERSION.dll
0x00007ffe89010000 - 0x00007ffe89028000 	C:\Windows\SYSTEM32\kernel.appcore.dll
0x00007ffe7bf10000 - 0x00007ffe7bf1a000 	C:\Program Files\JetBrains\PhpStorm 2022.3.2\jbr\bin\jimage.dll
0x00007ffe87c30000 - 0x00007ffe87e5e000 	C:\Windows\SYSTEM32\DBGHELP.DLL
0x00007ffe8bc90000 - 0x00007ffe8c019000 	C:\Windows\System32\combase.dll
0x00007ffe8c140000 - 0x00007ffe8c217000 	C:\Windows\System32\OLEAUT32.dll
0x00007ffe73a70000 - 0x00007ffe73aa2000 	C:\Windows\SYSTEM32\dbgcore.DLL
0x00007ffe8a3d0000 - 0x00007ffe8a44b000 	C:\Windows\System32\bcryptPrimitives.dll
0x00007ffe634d0000 - 0x00007ffe634f5000 	C:\Program Files\JetBrains\PhpStorm 2022.3.2\jbr\bin\java.dll

dbghelp: loaded successfully - version: 4.0.5 - missing functions: none
symbol engine: initialized successfully - sym options: 0x614 - pdb path: .;C:\Program Files\JetBrains\PhpStorm 2022.3.2\jbr\bin;C:\Windows\SYSTEM32;C:\Windows\WinSxS\amd64_microsoft.windows.common-controls_6595b64144ccf1df_6.0.22621.608_none_a9444ca7c10bb01d;C:\Program Files\JetBrains\PhpStorm 2022.3.2\jbr\bin\server

VM Arguments:
java_command: git4idea.http.GitAskPassApp Username for 'https://github.com': 
java_class_path (initial): C:/Program Files/JetBrains/PhpStorm 2022.3.2/plugins/vcs-git/lib/git4idea-rt.jar;C:/Program Files/JetBrains/PhpStorm 2022.3.2/lib/externalProcess-rt.jar;C:/Program Files/JetBrains/PhpStorm 2022.3.2/lib/app.jar;C:/Program Files/JetBrains/PhpStorm 2022.3.2/lib/3rd-party-rt.jar
Launcher Type: SUN_STANDARD

[Global flags]
     intx CICompilerCount                          = 3                                         {product} {ergonomic}
     uint ConcGCThreads                            = 1                                         {product} {ergonomic}
     uint G1ConcRefinementThreads                  = 4                                         {product} {ergonomic}
   size_t G1HeapRegionSize                         = 1048576                                   {product} {ergonomic}
    uintx GCDrainStackTargetSize                   = 64                                        {product} {ergonomic}
   size_t InitialHeapSize                          = 100663296                                 {product} {ergonomic}
   size_t MarkStackSize                            = 4194304                                   {product} {ergonomic}
   size_t MaxHeapSize                              = 1579155456                                {product} {ergonomic}
   size_t MinHeapDeltaBytes                        = 1048576                                   {product} {ergonomic}
   size_t MinHeapSize                              = 8388608                                   {product} {ergonomic}
    uintx NonNMethodCodeHeapSize                   = 5832780                                {pd product} {ergonomic}
    uintx NonProfiledCodeHeapSize                  = 122912730                              {pd product} {ergonomic}
    uintx ProfiledCodeHeapSize                     = 122912730                              {pd product} {ergonomic}
    uintx ReservedCodeCacheSize                    = 251658240                              {pd product} {ergonomic}
     bool SegmentedCodeCache                       = true                                      {product} {ergonomic}
   size_t SoftMaxHeapSize                          = 1579155456                             {manageable} {ergonomic}
     bool UseCompressedClassPointers               = true                           {product lp64_product} {ergonomic}
     bool UseCompressedOops                        = true                           {product lp64_product} {ergonomic}
     bool UseG1GC                                  = true                                      {product} {ergonomic}
     bool UseLargePagesIndividualAllocation        = false                                  {pd product} {ergonomic}

Logging:
Log output configuration:
 #0: stdout all=warning uptime,level,tags
 #1: stderr all=off uptime,level,tags

Environment Variables:
PATH=C:\Program Files\Git\mingw64\libexec\git-core;C:\Program Files\Git\mingw64\libexec\git-core;C:\Program Files\Git\mingw64\bin;C:\Program Files\Git\usr\bin;C:\Users\uhoun\bin;C:\Program Files\Common Files\Oracle\Java\javapath;C:\Windows\system32;C:\Windows;C:\Windows\System32\Wbem;C:\Windows\System32\WindowsPowerShell\v1.0;C:\Windows\System32\OpenSSH;C:\Program Files\nodejs;C:\Program Files\dotnet;C:\Program Files (x86)\AMD\ATI.ACE\Core-Static;C:\ProgramData\ComposerSetup\bin;C:\Program Files\starship\bin;C:\ProgramData\chocolatey\bin;C:\wamp64\bin\php\php8.2.0;C:\tools\php82;C:\Program Files\Git\cmd;C:\Program Files\MySQL\MySQL Shell 8.0\bin;C:\Users\uhoun\scoop\shims;C:\Users\uhoun\AppData\Local\Programs\Python\Python311\Scripts;C:\Users\uhoun\AppData\Local\Programs\Python\Python311;C:\Users\uhoun\AppData\Local\Microsoft\WindowsApps;C:\Users\uhoun\AppData\Roaming\npm;C:\Users\uhoun\AppData\Local\Programs\Microsoft VS Code\bin;C:\Users\uhoun\.dotnet\tools;C:\Users\uhoun\AppData\Local\GitHubDesktop\bin;C:\Users\uhoun\AppData\Local\Programs\oh-my-posh\bin;C:\Users\uhoun\AppData\Roaming\Composer\vendor\bin;C:\Users\uhoun\AppData\Local\JetBrains\Toolbox\scripts
USERNAME=uhoun
DISPLAY=:0.0
LC_ALL=en_US.UTF-8
TERM=xterm-256color
TMPDIR=C:\Users\uhoun\AppData\Local\Temp
OS=Windows_NT
PROCESSOR_IDENTIFIER=AMD64 Family 23 Model 24 Stepping 1, AuthenticAMD
TMP=C:\Users\uhoun\AppData\Local\Temp
TEMP=C:\Users\uhoun\AppData\Local\Temp



---------------  S Y S T E M  ---------------

OS:
 Windows 11 , 64 bit Build 22621 (10.0.22621.1344)
OS uptime: 0 days 4:46 hours
Hyper-V role detected

CPU: total 4 (initial active 4) (4 cores per cpu, 2 threads per core) family 23 model 24 stepping 1 microcode 0x0, cx8, cmov, fxsr, ht, mmx, 3dnowpref, sse, sse2, sse3, ssse3, sse4a, sse4.1, sse4.2, popcnt, lzcnt, tsc, tscinvbit, avx, avx2, aes, clmul, bmi1, bmi2, adx, sha, fma, vzeroupper, clflush, clflushopt, hv

Memory: 4k page, system-wide physical 6020M (309M free)
TotalPageFile size 24452M (AvailPageFile size 16M)
current process WorkingSet (physical memory assigned to process): 11M, peak: 11M
current process commit charge ("private bytes"): 51M, peak: 147M

vm_info: OpenJDK 64-Bit Server VM (17.0.5+1-b653.25) for windows-amd64 JRE (17.0.5+1-b653.25), built on 2023-01-04 by "builduser" with MS VC++ 16.10 / 16.11 (VS2019)

END.
