#
# There is insufficient memory for the Java Runtime Environment to continue.
# Native memory allocation (mmap) failed to map 100663296 bytes for G1 virtual space
# Possible reasons:
#   The system is out of physical RAM or swap space
#   The process is running with CompressedOops enabled, and the Java Heap may be blocking the growth of the native heap
# Possible solutions:
#   Reduce memory load on the system
#   Increase physical memory or swap space
#   Check if swap backing store is full
#   Decrease Java heap size (-Xmx/-Xms)
#   Decrease number of Java threads
#   Decrease Java thread stack sizes (-Xss)
#   Set larger code cache with -XX:ReservedCodeCacheSize=
#   JVM is running with Unscaled Compressed Oops mode in which the Java heap is
#     placed in the first 4GB address space. The Java Heap base address is the
#     maximum limit for the native heap growth. Please use -XX:HeapBaseMinAddress
#     to set the Java Heap base and to place the Java Heap above 4GB virtual address.
# This output file may be truncated or incomplete.
#
#  Out of Memory Error (os_windows.cpp:3760), pid=16076, tid=6672
#
# JRE version:  (17.0.5+1) (build )
# Java VM: OpenJDK 64-Bit Server VM (17.0.5+1-b653.25, mixed mode, sharing, tiered, compressed oops, compressed class ptrs, g1 gc, windows-amd64)
# No core dump will be written. Minidumps are not enabled by default on client versions of Windows
#

---------------  S U M M A R Y ------------

Command Line: git4idea.http.GitAskPassApp Username for 'https://github.com': 

Host: AMD Ryzen 3 3200U with Radeon Vega Mobile Gfx  , 4 cores, 5G,  Windows 11 , 64 bit Build 22621 (10.0.22621.1344)
Time: Thu Mar 16 02:36:02 2023 Afr. centrale Ouest elapsed time: 0.051333 seconds (0d 0h 0m 0s)

---------------  T H R E A D  ---------------

Current thread (0x00000284e19ac7f0):  JavaThread "Unknown thread" [_thread_in_vm, id=6672, stack(0x000000c208600000,0x000000c208700000)]

Stack: [0x000000c208600000,0x000000c208700000]
Native frames: (J=compiled Java code, j=interpreted, Vv=VM code, C=native code)
V  [jvm.dll+0x6830ca]
V  [jvm.dll+0x83f4c4]
V  [jvm.dll+0x840c6e]
V  [jvm.dll+0x8412d3]
V  [jvm.dll+0x2490b5]
V  [jvm.dll+0x67ff99]
V  [jvm.dll+0x6744aa]
V  [jvm.dll+0x308f2b]
V  [jvm.dll+0x3103e6]
V  [jvm.dll+0x36013e]
V  [jvm.dll+0x36036f]
V  [jvm.dll+0x2df018]
V  [jvm.dll+0x2dff84]
V  [jvm.dll+0x810d91]
V  [jvm.dll+0x36df31]
V  [jvm.dll+0x7f028c]
V  [jvm.dll+0x3f0cbf]
V  [jvm.dll+0x3f2801]
C  [jli.dll+0x526b]
C  [ucrtbase.dll+0x29363]
C  [KERNEL32.DLL+0x126bd]
C  [ntdll.dll+0x5a9f8]


---------------  P R O C E S S  ---------------

Threads class SMR info:
_java_thread_list=0x00007ff98f3a8f98, length=0, elements={
}

Java Threads: ( => current thread )

Other Threads:
  0x00000284e19f9280 GCTaskThread "GC Thread#0" [stack: 0x000000c208700000,0x000000c208800000] [id=18672]
  0x00000284e1a06700 ConcurrentGCThread "G1 Main Marker" [stack: 0x000000c208800000,0x000000c208900000] [id=14292]
  0x00000284e1a07270 ConcurrentGCThread "G1 Conc#0" [stack: 0x000000c208900000,0x000000c208a00000] [id=10832]

[error occurred during error reporting (printing all threads), id 0xc0000005, EXCEPTION_ACCESS_VIOLATION (0xc0000005) at pc=0x00007ff98eb5fbd7]

VM state: not at safepoint (not fully initialized)

VM Mutex/Monitor currently owned by a thread:  ([mutex/lock_event])
[0x00000284e19a72d0] Heap_lock - owner thread: 0x00000284e19ac7f0

Heap address: 0x00000000a1e00000, size: 1506 MB, Compressed Oops mode: 32-bit

CDS archive(s) mapped at: [0x0000000000000000-0x0000000000000000-0x0000000000000000), size 0, SharedBaseAddress: 0x0000000800000000, ArchiveRelocationMode: 0.
Narrow klass base: 0x0000000000000000, Narrow klass shift: 0, Narrow klass range: 0x0

GC Precious Log:
<Empty>

Heap:
 garbage-first heap   total 0K, used 0K [0x00000000a1e00000, 0x0000000100000000)
  region size 1024K, 0 young (0K), 0 survivors (0K)

[error occurred during error reporting (printing heap information), id 0xc0000005, EXCEPTION_ACCESS_VIOLATION (0xc0000005) at pc=0x00007ff98ef4cd59]

GC Heap History (0 events):
No events

Dll operation events (1 events):
Event: 0.029 Loaded shared library C:\Program Files\JetBrains\PhpStorm 2022.3.2\jbr\bin\java.dll

Deoptimization events (0 events):
No events

Classes unloaded (0 events):
No events

Classes redefined (0 events):
No events

Internal exceptions (0 events):
No events

VM Operations (0 events):
No events

Events (0 events):
No events


Dynamic libraries:
0x00007ff7c7030000 - 0x00007ff7c703a000 	C:\Program Files\JetBrains\PhpStorm 2022.3.2\jbr\bin\java.exe
0x00007ffa05770000 - 0x00007ffa05984000 	C:\Windows\SYSTEM32\ntdll.dll
0x00007ffa03f10000 - 0x00007ffa03fd3000 	C:\Windows\System32\KERNEL32.DLL
0x00007ffa02d10000 - 0x00007ffa030ac000 	C:\Windows\System32\KERNELBASE.dll
0x00007ffa02b80000 - 0x00007ffa02c91000 	C:\Windows\System32\ucrtbase.dll
0x00007ff9f7c60000 - 0x00007ff9f7c77000 	C:\Program Files\JetBrains\PhpStorm 2022.3.2\jbr\bin\jli.dll
0x00007ff9dfe90000 - 0x00007ff9dfeab000 	C:\Program Files\JetBrains\PhpStorm 2022.3.2\jbr\bin\VCRUNTIME140.dll
0x00007ffa036f0000 - 0x00007ffa0389d000 	C:\Windows\System32\USER32.dll
0x00007ffa03150000 - 0x00007ffa03176000 	C:\Windows\System32\win32u.dll
0x00007ffa055a0000 - 0x00007ffa055c9000 	C:\Windows\System32\GDI32.dll
0x00007ff9e9fe0000 - 0x00007ff9ea26e000 	C:\Windows\WinSxS\amd64_microsoft.windows.common-controls_6595b64144ccf1df_6.0.22621.608_none_a9444ca7c10bb01d\COMCTL32.dll
0x00007ffa03180000 - 0x00007ffa03293000 	C:\Windows\System32\gdi32full.dll
0x00007ffa04770000 - 0x00007ffa04817000 	C:\Windows\System32\msvcrt.dll
0x00007ffa030b0000 - 0x00007ffa0314a000 	C:\Windows\System32\msvcp_win.dll
0x00007ffa05560000 - 0x00007ffa05591000 	C:\Windows\System32\IMM32.DLL
0x00007ff9dfe60000 - 0x00007ff9dfe6c000 	C:\Program Files\JetBrains\PhpStorm 2022.3.2\jbr\bin\vcruntime140_1.dll
0x00007ff9c3d00000 - 0x00007ff9c3d8d000 	C:\Program Files\JetBrains\PhpStorm 2022.3.2\jbr\bin\msvcp140.dll
0x00007ff98e870000 - 0x00007ff98f4db000 	C:\Program Files\JetBrains\PhpStorm 2022.3.2\jbr\bin\server\jvm.dll
0x00007ffa041a0000 - 0x00007ffa0424e000 	C:\Windows\System32\ADVAPI32.dll
0x00007ffa055d0000 - 0x00007ffa05674000 	C:\Windows\System32\sechost.dll
0x00007ffa03a90000 - 0x00007ffa03ba5000 	C:\Windows\System32\RPCRT4.dll
0x00007ff9e1180000 - 0x00007ff9e1189000 	C:\Windows\SYSTEM32\WSOCK32.dll
0x00007ffa05680000 - 0x00007ffa056f1000 	C:\Windows\System32\WS2_32.dll
0x00007ff9fc0d0000 - 0x00007ff9fc104000 	C:\Windows\SYSTEM32\WINMM.dll
0x00007ff9f9bd0000 - 0x00007ff9f9bda000 	C:\Windows\SYSTEM32\VERSION.dll
0x00007ffa01ba0000 - 0x00007ffa01bb8000 	C:\Windows\SYSTEM32\kernel.appcore.dll
0x00007ff9fc5a0000 - 0x00007ff9fc5aa000 	C:\Program Files\JetBrains\PhpStorm 2022.3.2\jbr\bin\jimage.dll
0x00007ffa007b0000 - 0x00007ffa009de000 	C:\Windows\SYSTEM32\DBGHELP.DLL
0x00007ffa051d0000 - 0x00007ffa05559000 	C:\Windows\System32\combase.dll
0x00007ffa03e30000 - 0x00007ffa03f07000 	C:\Windows\System32\OLEAUT32.dll
0x00007ff9fa180000 - 0x00007ff9fa1b2000 	C:\Windows\SYSTEM32\dbgcore.DLL
0x00007ffa03410000 - 0x00007ffa0348b000 	C:\Windows\System32\bcryptPrimitives.dll
0x00007ff9eff90000 - 0x00007ff9effb5000 	C:\Program Files\JetBrains\PhpStorm 2022.3.2\jbr\bin\java.dll

dbghelp: loaded successfully - version: 4.0.5 - missing functions: none
symbol engine: initialized successfully - sym options: 0x614 - pdb path: .;C:\Program Files\JetBrains\PhpStorm 2022.3.2\jbr\bin;C:\Windows\SYSTEM32;C:\Windows\WinSxS\amd64_microsoft.windows.common-controls_6595b64144ccf1df_6.0.22621.608_none_a9444ca7c10bb01d;C:\Program Files\JetBrains\PhpStorm 2022.3.2\jbr\bin\server

VM Arguments:
java_command: git4idea.http.GitAskPassApp Username for 'https://github.com': 
java_class_path (initial): C:/Program Files/JetBrains/PhpStorm 2022.3.2/plugins/vcs-git/lib/git4idea-rt.jar;C:/Program Files/JetBrains/PhpStorm 2022.3.2/lib/externalProcess-rt.jar;C:/Program Files/JetBrains/PhpStorm 2022.3.2/lib/app.jar;C:/Program Files/JetBrains/PhpStorm 2022.3.2/lib/3rd-party-rt.jar
Launcher Type: SUN_STANDARD

[Global flags]
     intx CICompilerCount                          = 3                                         {product} {ergonomic}
     uint ConcGCThreads                            = 1                                         {product} {ergonomic}
     uint G1ConcRefinementThreads                  = 4                                         {product} {ergonomic}
   size_t G1HeapRegionSize                         = 1048576                                   {product} {ergonomic}
    uintx GCDrainStackTargetSize                   = 64                                        {product} {ergonomic}
   size_t InitialHeapSize                          = 100663296                                 {product} {ergonomic}
   size_t MarkStackSize                            = 4194304                                   {product} {ergonomic}
   size_t MaxHeapSize                              = 1579155456                                {product} {ergonomic}
   size_t MinHeapDeltaBytes                        = 1048576                                   {product} {ergonomic}
   size_t MinHeapSize                              = 8388608                                   {product} {ergonomic}
    uintx NonNMethodCodeHeapSize                   = 5832780                                {pd product} {ergonomic}
    uintx NonProfiledCodeHeapSize                  = 122912730                              {pd product} {ergonomic}
    uintx ProfiledCodeHeapSize                     = 122912730                              {pd product} {ergonomic}
    uintx ReservedCodeCacheSize                    = 251658240                              {pd product} {ergonomic}
     bool SegmentedCodeCache                       = true                                      {product} {ergonomic}
   size_t SoftMaxHeapSize                          = 1579155456                             {manageable} {ergonomic}
     bool UseCompressedClassPointers               = true                           {product lp64_product} {ergonomic}
     bool UseCompressedOops                        = true                           {product lp64_product} {ergonomic}
     bool UseG1GC                                  = true                                      {product} {ergonomic}
     bool UseLargePagesIndividualAllocation        = false                                  {pd product} {ergonomic}

Logging:
Log output configuration:
 #0: stdout all=warning uptime,level,tags
 #1: stderr all=off uptime,level,tags

Environment Variables:
PATH=C:\Program Files\Git\mingw64\libexec\git-core;C:\Program Files\Git\mingw64\libexec\git-core;C:\Program Files\Git\mingw64\bin;C:\Program Files\Git\usr\bin;C:\Users\uhoun\bin;C:\Program Files\Common Files\Oracle\Java\javapath;C:\Windows\system32;C:\Windows;C:\Windows\System32\Wbem;C:\Windows\System32\WindowsPowerShell\v1.0;C:\Windows\System32\OpenSSH;C:\Program Files\nodejs;C:\Program Files\dotnet;C:\Program Files (x86)\AMD\ATI.ACE\Core-Static;C:\ProgramData\ComposerSetup\bin;C:\Program Files\starship\bin;C:\Program Files\Git\cmd;C:\ProgramData\chocolatey\bin;C:\wamp64\bin\php\php8.2.0;C:\tools\php82;C:\Program Files\MySQL\MySQL Shell 8.0\bin;C:\Users\uhoun\scoop\shims;C:\Users\uhoun\AppData\Local\Programs\Python\Python311\Scripts;C:\Users\uhoun\AppData\Local\Programs\Python\Python311;C:\Users\uhoun\AppData\Local\Microsoft\WindowsApps;C:\Users\uhoun\AppData\Roaming\npm;C:\Users\uhoun\AppData\Local\Programs\Microsoft VS Code\bin;C:\Users\uhoun\.dotnet\tools;C:\Users\uhoun\AppData\Local\GitHubDesktop\bin;C:\Users\uhoun\AppData\Local\Programs\oh-my-posh\bin;C:\Users\uhoun\AppData\Roaming\Composer\vendor\bin;C:\Users\uhoun\AppData\Local\JetBrains\Toolbox\scripts
USERNAME=uhoun
DISPLAY=:0.0
LC_ALL=en_US.UTF-8
TERM=xterm-256color
TMPDIR=C:\Users\uhoun\AppData\Local\Temp
OS=Windows_NT
PROCESSOR_IDENTIFIER=AMD64 Family 23 Model 24 Stepping 1, AuthenticAMD
TMP=C:\Users\uhoun\AppData\Local\Temp
TEMP=C:\Users\uhoun\AppData\Local\Temp



---------------  S Y S T E M  ---------------

OS:
 Windows 11 , 64 bit Build 22621 (10.0.22621.1344)
OS uptime: 0 days 15:40 hours
Hyper-V role detected

CPU: total 4 (initial active 4) (4 cores per cpu, 2 threads per core) family 23 model 24 stepping 1 microcode 0x0, cx8, cmov, fxsr, ht, mmx, 3dnowpref, sse, sse2, sse3, ssse3, sse4a, sse4.1, sse4.2, popcnt, lzcnt, tsc, tscinvbit, avx, avx2, aes, clmul, bmi1, bmi2, adx, sha, fma, vzeroupper, clflush, clflushopt, hv

Memory: 4k page, system-wide physical 6020M (1157M free)
TotalPageFile size 24452M (AvailPageFile size 62M)
current process WorkingSet (physical memory assigned to process): 11M, peak: 11M
current process commit charge ("private bytes"): 51M, peak: 147M

vm_info: OpenJDK 64-Bit Server VM (17.0.5+1-b653.25) for windows-amd64 JRE (17.0.5+1-b653.25), built on 2023-01-04 by "builduser" with MS VC++ 16.10 / 16.11 (VS2019)

END.
