#
# There is insufficient memory for the Java Runtime Environment to continue.
# Native memory allocation (malloc) failed to allocate 32744 bytes for ChunkPool::allocate
# Possible reasons:
#   The system is out of physical RAM or swap space
#   The process is running with CompressedOops enabled, and the Java Heap may be blocking the growth of the native heap
# Possible solutions:
#   Reduce memory load on the system
#   Increase physical memory or swap space
#   Check if swap backing store is full
#   Decrease Java heap size (-Xmx/-Xms)
#   Decrease number of Java threads
#   Decrease Java thread stack sizes (-Xss)
#   Set larger code cache with -XX:ReservedCodeCacheSize=
#   JVM is running with Unscaled Compressed Oops mode in which the Java heap is
#     placed in the first 4GB address space. The Java Heap base address is the
#     maximum limit for the native heap growth. Please use -XX:HeapBaseMinAddress
#     to set the Java Heap base and to place the Java Heap above 4GB virtual address.
# This output file may be truncated or incomplete.
#
#  Out of Memory Error (arena.cpp:78), pid=3704, tid=22544
#
# JRE version: OpenJDK Runtime Environment JBR-17.0.5+1-653.25-jcef (17.0.5+1) (build 17.0.5+1-b653.25)
# Java VM: OpenJDK 64-Bit Server VM JBR-17.0.5+1-653.25-jcef (17.0.5+1-b653.25, mixed mode, tiered, compressed oops, compressed class ptrs, g1 gc, windows-amd64)
# No core dump will be written. Minidumps are not enabled by default on client versions of Windows
#

---------------  S U M M A R Y ------------

Command Line: git4idea.http.GitAskPassApp Password for 'https://Ulrich-HOUNGBO@github.com': 

Host: AMD Ryzen 3 3200U with Radeon Vega Mobile Gfx  , 4 cores, 5G,  Windows 11 , 64 bit Build 22621 (10.0.22621.1344)
Time: Thu Mar 16 02:41:43 2023 Afr. centrale Ouest elapsed time: 0.491731 seconds (0d 0h 0m 0s)

---------------  T H R E A D  ---------------

Current thread (0x00000207ff9469c0):  JavaThread "C2 CompilerThread0" daemon [_thread_in_native, id=22544, stack(0x00000055c1800000,0x00000055c1900000)]


Current CompileTask:
C2:    491  172       4       java.util.zip.ZipFile$Source::initCEN (591 bytes)

Stack: [0x00000055c1800000,0x00000055c1900000]
Native frames: (J=compiled Java code, j=interpreted, Vv=VM code, C=native code)
V  [jvm.dll+0x6830ca]
V  [jvm.dll+0x83f4c4]
V  [jvm.dll+0x840c6e]
V  [jvm.dll+0x8412d3]
V  [jvm.dll+0x2490b5]
V  [jvm.dll+0xabf7c]
V  [jvm.dll+0xac32c]
V  [jvm.dll+0x613bd4]
V  [jvm.dll+0x6151cb]
V  [jvm.dll+0x613734]
V  [jvm.dll+0x21b5d8]
V  [jvm.dll+0x21ab81]
V  [jvm.dll+0x1a470d]
V  [jvm.dll+0x22a5f8]
V  [jvm.dll+0x2286b9]
V  [jvm.dll+0x7f4eac]
V  [jvm.dll+0x7ef40a]
V  [jvm.dll+0x681f05]
C  [ucrtbase.dll+0x29363]
C  [KERNEL32.DLL+0x126bd]
C  [ntdll.dll+0x5a9f8]


---------------  P R O C E S S  ---------------

Threads class SMR info:
_java_thread_list=0x00000207ffad0b70, length=12, elements={
0x00000207f39ebeb0, 0x00000207fefaa260, 0x00000207feface20, 0x00000207fefdd8f0,
0x00000207fefde2a0, 0x00000207ff942010, 0x00000207ff9428d0, 0x00000207ff9469c0,
0x00000207ff94f2d0, 0x00000207ff95a4a0, 0x00000207ffabc990, 0x00000207ffad1ce0
}

Java Threads: ( => current thread )
  0x00000207f39ebeb0 JavaThread "main" [_thread_in_Java, id=5112, stack(0x00000055c0b00000,0x00000055c0c00000)]
  0x00000207fefaa260 JavaThread "Reference Handler" daemon [_thread_blocked, id=19800, stack(0x00000055c1200000,0x00000055c1300000)]
  0x00000207feface20 JavaThread "Finalizer" daemon [_thread_blocked, id=23520, stack(0x00000055c1300000,0x00000055c1400000)]
  0x00000207fefdd8f0 JavaThread "Signal Dispatcher" daemon [_thread_blocked, id=22688, stack(0x00000055c1400000,0x00000055c1500000)]
  0x00000207fefde2a0 JavaThread "Attach Listener" daemon [_thread_blocked, id=18820, stack(0x00000055c1500000,0x00000055c1600000)]
  0x00000207ff942010 JavaThread "Service Thread" daemon [_thread_blocked, id=5272, stack(0x00000055c1600000,0x00000055c1700000)]
  0x00000207ff9428d0 JavaThread "Monitor Deflation Thread" daemon [_thread_blocked, id=3812, stack(0x00000055c1700000,0x00000055c1800000)]
=>0x00000207ff9469c0 JavaThread "C2 CompilerThread0" daemon [_thread_in_native, id=22544, stack(0x00000055c1800000,0x00000055c1900000)]
  0x00000207ff94f2d0 JavaThread "C1 CompilerThread0" daemon [_thread_in_native, id=23108, stack(0x00000055c1900000,0x00000055c1a00000)]
  0x00000207ff95a4a0 JavaThread "Sweeper thread" daemon [_thread_blocked, id=6808, stack(0x00000055c1a00000,0x00000055c1b00000)]
  0x00000207ffabc990 JavaThread "Notification Thread" daemon [_thread_blocked, id=3940, stack(0x00000055c1b00000,0x00000055c1c00000)]
  0x00000207ffad1ce0 JavaThread "Common-Cleaner" daemon [_thread_blocked, id=956, stack(0x00000055c1d00000,0x00000055c1e00000)]

Other Threads:
  0x00000207fef88650 VMThread "VM Thread" [stack: 0x00000055c1100000,0x00000055c1200000] [id=14544]
  0x00000207fefb3ad0 WatcherThread [stack: 0x00000055c1c00000,0x00000055c1d00000] [id=20340]
  0x00000207f5b7aed0 GCTaskThread "GC Thread#0" [stack: 0x00000055c0c00000,0x00000055c0d00000] [id=16852]
  0x00000207f5b87bb0 ConcurrentGCThread "G1 Main Marker" [stack: 0x00000055c0d00000,0x00000055c0e00000] [id=9304]
  0x00000207f5b89c10 ConcurrentGCThread "G1 Conc#0" [stack: 0x00000055c0e00000,0x00000055c0f00000] [id=12928]
  0x00000207f5bea150 ConcurrentGCThread "G1 Refine#0" [stack: 0x00000055c0f00000,0x00000055c1000000] [id=10592]
  0x00000207f5beaa10 ConcurrentGCThread "G1 Service" [stack: 0x00000055c1000000,0x00000055c1100000] [id=15692]

Threads with active compile tasks:
C2 CompilerThread0      552  172       4       java.util.zip.ZipFile$Source::initCEN (591 bytes)
C1 CompilerThread0      552  280       3       sun.util.locale.LanguageTag::isScript (21 bytes)

VM state: not at safepoint (normal execution)

VM Mutex/Monitor currently owned by a thread: None

Heap address: 0x00000000a1e00000, size: 1506 MB, Compressed Oops mode: 32-bit

CDS archive(s) not mapped
Compressed class space mapped at: 0x0000000100000000-0x0000000140000000, reserved size: 1073741824
Narrow klass base: 0x0000000000000000, Narrow klass shift: 3, Narrow klass range: 0x140000000

GC Precious Log:
 CPUs: 4 total, 4 available
 Memory: 6020M
 Large Page Support: Disabled
 NUMA Support: Disabled
 Compressed Oops: Enabled (32-bit)
 Heap Region Size: 1M
 Heap Min Capacity: 8M
 Heap Initial Capacity: 96M
 Heap Max Capacity: 1506M
 Pre-touch: Disabled
 Parallel Workers: 4
 Concurrent Workers: 1
 Concurrent Refinement Workers: 4
 Periodic GC: Disabled

Heap:
 garbage-first heap   total 98304K, used 19456K [0x00000000a1e00000, 0x0000000100000000)
  region size 1024K, 3 young (3072K), 0 survivors (0K)
 Metaspace       used 7323K, committed 7488K, reserved 1056768K
  class space    used 645K, committed 704K, reserved 1048576K

Heap Regions: E=young(eden), S=young(survivor), O=old, HS=humongous(starts), HC=humongous(continues), CS=collection set, F=free, OA=open archive, CA=closed archive, TAMS=top-at-mark-start (previous, next)
|   0|0x00000000a1e00000, 0x00000000a1f00000, 0x00000000a1f00000|100%|HS|  |TAMS 0x00000000a1e00000, 0x00000000a1e00000| Complete 
|   1|0x00000000a1f00000, 0x00000000a2000000, 0x00000000a2000000|100%|HC|  |TAMS 0x00000000a1f00000, 0x00000000a1f00000| Complete 
|   2|0x00000000a2000000, 0x00000000a2100000, 0x00000000a2100000|100%|HC|  |TAMS 0x00000000a2000000, 0x00000000a2000000| Complete 
|   3|0x00000000a2100000, 0x00000000a2200000, 0x00000000a2200000|100%|HC|  |TAMS 0x00000000a2100000, 0x00000000a2100000| Complete 
|   4|0x00000000a2200000, 0x00000000a2300000, 0x00000000a2300000|100%|HC|  |TAMS 0x00000000a2200000, 0x00000000a2200000| Complete 
|   5|0x00000000a2300000, 0x00000000a2400000, 0x00000000a2400000|100%|HC|  |TAMS 0x00000000a2300000, 0x00000000a2300000| Complete 
|   6|0x00000000a2400000, 0x00000000a2500000, 0x00000000a2500000|100%|HC|  |TAMS 0x00000000a2400000, 0x00000000a2400000| Complete 
|   7|0x00000000a2500000, 0x00000000a2600000, 0x00000000a2600000|100%|HC|  |TAMS 0x00000000a2500000, 0x00000000a2500000| Complete 
|   8|0x00000000a2600000, 0x00000000a2700000, 0x00000000a2700000|100%|HC|  |TAMS 0x00000000a2600000, 0x00000000a2600000| Complete 
|   9|0x00000000a2700000, 0x00000000a2800000, 0x00000000a2800000|100%|HC|  |TAMS 0x00000000a2700000, 0x00000000a2700000| Complete 
|  10|0x00000000a2800000, 0x00000000a2900000, 0x00000000a2900000|100%|HC|  |TAMS 0x00000000a2800000, 0x00000000a2800000| Complete 
|  11|0x00000000a2900000, 0x00000000a2a00000, 0x00000000a2a00000|100%|HC|  |TAMS 0x00000000a2900000, 0x00000000a2900000| Complete 
|  12|0x00000000a2a00000, 0x00000000a2b00000, 0x00000000a2b00000|100%|HS|  |TAMS 0x00000000a2a00000, 0x00000000a2a00000| Complete 
|  13|0x00000000a2b00000, 0x00000000a2c00000, 0x00000000a2c00000|100%|HC|  |TAMS 0x00000000a2b00000, 0x00000000a2b00000| Complete 
|  14|0x00000000a2c00000, 0x00000000a2d00000, 0x00000000a2d00000|100%|HS|  |TAMS 0x00000000a2c00000, 0x00000000a2c00000| Complete 
|  15|0x00000000a2d00000, 0x00000000a2e00000, 0x00000000a2e00000|100%|HC|  |TAMS 0x00000000a2d00000, 0x00000000a2d00000| Complete 
|  16|0x00000000a2e00000, 0x00000000a2f00000, 0x00000000a2f00000|100%|HC|  |TAMS 0x00000000a2e00000, 0x00000000a2e00000| Complete 
|  17|0x00000000a2f00000, 0x00000000a2f00000, 0x00000000a3000000|  0%| F|  |TAMS 0x00000000a2f00000, 0x00000000a2f00000| Untracked 
|  18|0x00000000a3000000, 0x00000000a3000000, 0x00000000a3100000|  0%| F|  |TAMS 0x00000000a3000000, 0x00000000a3000000| Untracked 
|  19|0x00000000a3100000, 0x00000000a3100000, 0x00000000a3200000|  0%| F|  |TAMS 0x00000000a3100000, 0x00000000a3100000| Untracked 
|  20|0x00000000a3200000, 0x00000000a3200000, 0x00000000a3300000|  0%| F|  |TAMS 0x00000000a3200000, 0x00000000a3200000| Untracked 
|  21|0x00000000a3300000, 0x00000000a3300000, 0x00000000a3400000|  0%| F|  |TAMS 0x00000000a3300000, 0x00000000a3300000| Untracked 
|  22|0x00000000a3400000, 0x00000000a3400000, 0x00000000a3500000|  0%| F|  |TAMS 0x00000000a3400000, 0x00000000a3400000| Untracked 
|  23|0x00000000a3500000, 0x00000000a3500000, 0x00000000a3600000|  0%| F|  |TAMS 0x00000000a3500000, 0x00000000a3500000| Untracked 
|  24|0x00000000a3600000, 0x00000000a3600000, 0x00000000a3700000|  0%| F|  |TAMS 0x00000000a3600000, 0x00000000a3600000| Untracked 
|  25|0x00000000a3700000, 0x00000000a3700000, 0x00000000a3800000|  0%| F|  |TAMS 0x00000000a3700000, 0x00000000a3700000| Untracked 
|  26|0x00000000a3800000, 0x00000000a3800000, 0x00000000a3900000|  0%| F|  |TAMS 0x00000000a3800000, 0x00000000a3800000| Untracked 
|  27|0x00000000a3900000, 0x00000000a3900000, 0x00000000a3a00000|  0%| F|  |TAMS 0x00000000a3900000, 0x00000000a3900000| Untracked 
|  28|0x00000000a3a00000, 0x00000000a3a00000, 0x00000000a3b00000|  0%| F|  |TAMS 0x00000000a3a00000, 0x00000000a3a00000| Untracked 
|  29|0x00000000a3b00000, 0x00000000a3b00000, 0x00000000a3c00000|  0%| F|  |TAMS 0x00000000a3b00000, 0x00000000a3b00000| Untracked 
|  30|0x00000000a3c00000, 0x00000000a3c00000, 0x00000000a3d00000|  0%| F|  |TAMS 0x00000000a3c00000, 0x00000000a3c00000| Untracked 
|  31|0x00000000a3d00000, 0x00000000a3d00000, 0x00000000a3e00000|  0%| F|  |TAMS 0x00000000a3d00000, 0x00000000a3d00000| Untracked 
|  32|0x00000000a3e00000, 0x00000000a3e00000, 0x00000000a3f00000|  0%| F|  |TAMS 0x00000000a3e00000, 0x00000000a3e00000| Untracked 
|  33|0x00000000a3f00000, 0x00000000a3f00000, 0x00000000a4000000|  0%| F|  |TAMS 0x00000000a3f00000, 0x00000000a3f00000| Untracked 
|  34|0x00000000a4000000, 0x00000000a4000000, 0x00000000a4100000|  0%| F|  |TAMS 0x00000000a4000000, 0x00000000a4000000| Untracked 
|  35|0x00000000a4100000, 0x00000000a4100000, 0x00000000a4200000|  0%| F|  |TAMS 0x00000000a4100000, 0x00000000a4100000| Untracked 
|  36|0x00000000a4200000, 0x00000000a4200000, 0x00000000a4300000|  0%| F|  |TAMS 0x00000000a4200000, 0x00000000a4200000| Untracked 
|  37|0x00000000a4300000, 0x00000000a4300000, 0x00000000a4400000|  0%| F|  |TAMS 0x00000000a4300000, 0x00000000a4300000| Untracked 
|  38|0x00000000a4400000, 0x00000000a4400000, 0x00000000a4500000|  0%| F|  |TAMS 0x00000000a4400000, 0x00000000a4400000| Untracked 
|  39|0x00000000a4500000, 0x00000000a4500000, 0x00000000a4600000|  0%| F|  |TAMS 0x00000000a4500000, 0x00000000a4500000| Untracked 
|  40|0x00000000a4600000, 0x00000000a4600000, 0x00000000a4700000|  0%| F|  |TAMS 0x00000000a4600000, 0x00000000a4600000| Untracked 
|  41|0x00000000a4700000, 0x00000000a4700000, 0x00000000a4800000|  0%| F|  |TAMS 0x00000000a4700000, 0x00000000a4700000| Untracked 
|  42|0x00000000a4800000, 0x00000000a4800000, 0x00000000a4900000|  0%| F|  |TAMS 0x00000000a4800000, 0x00000000a4800000| Untracked 
|  43|0x00000000a4900000, 0x00000000a4900000, 0x00000000a4a00000|  0%| F|  |TAMS 0x00000000a4900000, 0x00000000a4900000| Untracked 
|  44|0x00000000a4a00000, 0x00000000a4a00000, 0x00000000a4b00000|  0%| F|  |TAMS 0x00000000a4a00000, 0x00000000a4a00000| Untracked 
|  45|0x00000000a4b00000, 0x00000000a4b00000, 0x00000000a4c00000|  0%| F|  |TAMS 0x00000000a4b00000, 0x00000000a4b00000| Untracked 
|  46|0x00000000a4c00000, 0x00000000a4c00000, 0x00000000a4d00000|  0%| F|  |TAMS 0x00000000a4c00000, 0x00000000a4c00000| Untracked 
|  47|0x00000000a4d00000, 0x00000000a4d00000, 0x00000000a4e00000|  0%| F|  |TAMS 0x00000000a4d00000, 0x00000000a4d00000| Untracked 
|  48|0x00000000a4e00000, 0x00000000a4e00000, 0x00000000a4f00000|  0%| F|  |TAMS 0x00000000a4e00000, 0x00000000a4e00000| Untracked 
|  49|0x00000000a4f00000, 0x00000000a4f00000, 0x00000000a5000000|  0%| F|  |TAMS 0x00000000a4f00000, 0x00000000a4f00000| Untracked 
|  50|0x00000000a5000000, 0x00000000a5000000, 0x00000000a5100000|  0%| F|  |TAMS 0x00000000a5000000, 0x00000000a5000000| Untracked 
|  51|0x00000000a5100000, 0x00000000a5100000, 0x00000000a5200000|  0%| F|  |TAMS 0x00000000a5100000, 0x00000000a5100000| Untracked 
|  52|0x00000000a5200000, 0x00000000a5200000, 0x00000000a5300000|  0%| F|  |TAMS 0x00000000a5200000, 0x00000000a5200000| Untracked 
|  53|0x00000000a5300000, 0x00000000a5300000, 0x00000000a5400000|  0%| F|  |TAMS 0x00000000a5300000, 0x00000000a5300000| Untracked 
|  54|0x00000000a5400000, 0x00000000a5400000, 0x00000000a5500000|  0%| F|  |TAMS 0x00000000a5400000, 0x00000000a5400000| Untracked 
|  55|0x00000000a5500000, 0x00000000a5500000, 0x00000000a5600000|  0%| F|  |TAMS 0x00000000a5500000, 0x00000000a5500000| Untracked 
|  56|0x00000000a5600000, 0x00000000a5600000, 0x00000000a5700000|  0%| F|  |TAMS 0x00000000a5600000, 0x00000000a5600000| Untracked 
|  57|0x00000000a5700000, 0x00000000a5700000, 0x00000000a5800000|  0%| F|  |TAMS 0x00000000a5700000, 0x00000000a5700000| Untracked 
|  58|0x00000000a5800000, 0x00000000a5800000, 0x00000000a5900000|  0%| F|  |TAMS 0x00000000a5800000, 0x00000000a5800000| Untracked 
|  59|0x00000000a5900000, 0x00000000a5900000, 0x00000000a5a00000|  0%| F|  |TAMS 0x00000000a5900000, 0x00000000a5900000| Untracked 
|  60|0x00000000a5a00000, 0x00000000a5a00000, 0x00000000a5b00000|  0%| F|  |TAMS 0x00000000a5a00000, 0x00000000a5a00000| Untracked 
|  61|0x00000000a5b00000, 0x00000000a5b00000, 0x00000000a5c00000|  0%| F|  |TAMS 0x00000000a5b00000, 0x00000000a5b00000| Untracked 
|  62|0x00000000a5c00000, 0x00000000a5c00000, 0x00000000a5d00000|  0%| F|  |TAMS 0x00000000a5c00000, 0x00000000a5c00000| Untracked 
|  63|0x00000000a5d00000, 0x00000000a5d00000, 0x00000000a5e00000|  0%| F|  |TAMS 0x00000000a5d00000, 0x00000000a5d00000| Untracked 
|  64|0x00000000a5e00000, 0x00000000a5e00000, 0x00000000a5f00000|  0%| F|  |TAMS 0x00000000a5e00000, 0x00000000a5e00000| Untracked 
|  65|0x00000000a5f00000, 0x00000000a5f00000, 0x00000000a6000000|  0%| F|  |TAMS 0x00000000a5f00000, 0x00000000a5f00000| Untracked 
|  66|0x00000000a6000000, 0x00000000a6000000, 0x00000000a6100000|  0%| F|  |TAMS 0x00000000a6000000, 0x00000000a6000000| Untracked 
|  67|0x00000000a6100000, 0x00000000a6100000, 0x00000000a6200000|  0%| F|  |TAMS 0x00000000a6100000, 0x00000000a6100000| Untracked 
|  68|0x00000000a6200000, 0x00000000a6200000, 0x00000000a6300000|  0%| F|  |TAMS 0x00000000a6200000, 0x00000000a6200000| Untracked 
|  69|0x00000000a6300000, 0x00000000a6300000, 0x00000000a6400000|  0%| F|  |TAMS 0x00000000a6300000, 0x00000000a6300000| Untracked 
|  70|0x00000000a6400000, 0x00000000a6400000, 0x00000000a6500000|  0%| F|  |TAMS 0x00000000a6400000, 0x00000000a6400000| Untracked 
|  71|0x00000000a6500000, 0x00000000a6500000, 0x00000000a6600000|  0%| F|  |TAMS 0x00000000a6500000, 0x00000000a6500000| Untracked 
|  72|0x00000000a6600000, 0x00000000a6600000, 0x00000000a6700000|  0%| F|  |TAMS 0x00000000a6600000, 0x00000000a6600000| Untracked 
|  73|0x00000000a6700000, 0x00000000a6700000, 0x00000000a6800000|  0%| F|  |TAMS 0x00000000a6700000, 0x00000000a6700000| Untracked 
|  74|0x00000000a6800000, 0x00000000a6800000, 0x00000000a6900000|  0%| F|  |TAMS 0x00000000a6800000, 0x00000000a6800000| Untracked 
|  75|0x00000000a6900000, 0x00000000a6900000, 0x00000000a6a00000|  0%| F|  |TAMS 0x00000000a6900000, 0x00000000a6900000| Untracked 
|  76|0x00000000a6a00000, 0x00000000a6a00000, 0x00000000a6b00000|  0%| F|  |TAMS 0x00000000a6a00000, 0x00000000a6a00000| Untracked 
|  77|0x00000000a6b00000, 0x00000000a6b00000, 0x00000000a6c00000|  0%| F|  |TAMS 0x00000000a6b00000, 0x00000000a6b00000| Untracked 
|  78|0x00000000a6c00000, 0x00000000a6c00000, 0x00000000a6d00000|  0%| F|  |TAMS 0x00000000a6c00000, 0x00000000a6c00000| Untracked 
|  79|0x00000000a6d00000, 0x00000000a6d00000, 0x00000000a6e00000|  0%| F|  |TAMS 0x00000000a6d00000, 0x00000000a6d00000| Untracked 
|  80|0x00000000a6e00000, 0x00000000a6e00000, 0x00000000a6f00000|  0%| F|  |TAMS 0x00000000a6e00000, 0x00000000a6e00000| Untracked 
|  81|0x00000000a6f00000, 0x00000000a6f00000, 0x00000000a7000000|  0%| F|  |TAMS 0x00000000a6f00000, 0x00000000a6f00000| Untracked 
|  82|0x00000000a7000000, 0x00000000a7000000, 0x00000000a7100000|  0%| F|  |TAMS 0x00000000a7000000, 0x00000000a7000000| Untracked 
|  83|0x00000000a7100000, 0x00000000a7100000, 0x00000000a7200000|  0%| F|  |TAMS 0x00000000a7100000, 0x00000000a7100000| Untracked 
|  84|0x00000000a7200000, 0x00000000a7200000, 0x00000000a7300000|  0%| F|  |TAMS 0x00000000a7200000, 0x00000000a7200000| Untracked 
|  85|0x00000000a7300000, 0x00000000a7300000, 0x00000000a7400000|  0%| F|  |TAMS 0x00000000a7300000, 0x00000000a7300000| Untracked 
|  86|0x00000000a7400000, 0x00000000a7400000, 0x00000000a7500000|  0%| F|  |TAMS 0x00000000a7400000, 0x00000000a7400000| Untracked 
|  87|0x00000000a7500000, 0x00000000a7500000, 0x00000000a7600000|  0%| F|  |TAMS 0x00000000a7500000, 0x00000000a7500000| Untracked 
|  88|0x00000000a7600000, 0x00000000a7600000, 0x00000000a7700000|  0%| F|  |TAMS 0x00000000a7600000, 0x00000000a7600000| Untracked 
|  89|0x00000000a7700000, 0x00000000a7700000, 0x00000000a7800000|  0%| F|  |TAMS 0x00000000a7700000, 0x00000000a7700000| Untracked 
|  90|0x00000000a7800000, 0x00000000a7800000, 0x00000000a7900000|  0%| F|  |TAMS 0x00000000a7800000, 0x00000000a7800000| Untracked 
|  91|0x00000000a7900000, 0x00000000a7900000, 0x00000000a7a00000|  0%| F|  |TAMS 0x00000000a7900000, 0x00000000a7900000| Untracked 
|  92|0x00000000a7a00000, 0x00000000a7a00000, 0x00000000a7b00000|  0%| F|  |TAMS 0x00000000a7a00000, 0x00000000a7a00000| Untracked 
|  93|0x00000000a7b00000, 0x00000000a7c00000, 0x00000000a7c00000|100%| E|  |TAMS 0x00000000a7b00000, 0x00000000a7b00000| Complete 
|  94|0x00000000a7c00000, 0x00000000a7d00000, 0x00000000a7d00000|100%| E|CS|TAMS 0x00000000a7c00000, 0x00000000a7c00000| Complete 
|  95|0x00000000a7d00000, 0x00000000a7e00000, 0x00000000a7e00000|100%| E|CS|TAMS 0x00000000a7d00000, 0x00000000a7d00000| Complete 

Card table byte_map: [0x00000207f9590000,0x00000207f9890000] _byte_map_base: 0x00000207f9081000

Marking Bits (Prev, Next): (CMBitMap*) 0x00000207f5b7b4e0, (CMBitMap*) 0x00000207f5b7b520
 Prev Bits: [0x00000207f9b90000, 0x00000207fb318000)
 Next Bits: [0x00000207fb320000, 0x00000207fcaa8000)

Polling page: 0x00000207f52f0000

Metaspace:

Usage:
  Non-class:      6.55 MB used.
      Class:    645.49 KB used.
       Both:      7.18 MB used.

Virtual space:
  Non-class space:        8.00 MB reserved,       6.62 MB ( 83%) committed,  1 nodes.
      Class space:        1.00 GB reserved,     704.00 KB ( <1%) committed,  1 nodes.
             Both:        1.01 GB reserved,       7.31 MB ( <1%) committed. 

Chunk freelists:
   Non-Class:  1018.00 KB
       Class:  3.23 MB
        Both:  4.23 MB

MaxMetaspaceSize: unlimited
CompressedClassSpaceSize: 1.00 GB
Initial GC threshold: 21.00 MB
Current GC threshold: 21.00 MB
CDS: off
MetaspaceReclaimPolicy: balanced
 - commit_granule_bytes: 65536.
 - commit_granule_words: 8192.
 - virtual_space_node_default_size: 1048576.
 - enlarge_chunks_in_place: 1.
 - new_chunks_are_fully_committed: 0.
 - uncommit_free_chunks: 1.
 - use_allocation_guard: 0.
 - handle_deallocations: 1.


Internal statistics:

num_allocs_failed_limit: 0.
num_arena_births: 10.
num_arena_deaths: 0.
num_vsnodes_births: 2.
num_vsnodes_deaths: 0.
num_space_committed: 117.
num_space_uncommitted: 0.
num_chunks_returned_to_freelist: 0.
num_chunks_taken_from_freelist: 34.
num_chunk_merges: 0.
num_chunk_splits: 15.
num_chunks_enlarged: 6.
num_purges: 0.
num_inconsistent_stats: 0.

CodeHeap 'non-profiled nmethods': size=120000Kb used=72Kb max_used=72Kb free=119927Kb
 bounds [0x0000020787ad0000, 0x0000020787d40000, 0x000002078f000000]
CodeHeap 'profiled nmethods': size=120000Kb used=478Kb max_used=478Kb free=119521Kb
 bounds [0x00000207805a0000, 0x0000020780810000, 0x0000020787ad0000]
CodeHeap 'non-nmethods': size=5760Kb used=1106Kb max_used=1106Kb free=4653Kb
 bounds [0x0000020780000000, 0x0000020780270000, 0x00000207805a0000]
 total_blobs=668 nmethods=284 adapters=297
 compilation: enabled
              stopped_count=0, restarted_count=0
 full_count=0

Compilation events (20 events):
Event: 0.452 Thread 0x00000207ff94f2d0 nmethod 173 0x00000207805df310 code [0x00000207805df5a0, 0x00000207805e0778]
Event: 0.457 Thread 0x00000207ff94f2d0  174       3       java.lang.String::substring (58 bytes)
Event: 0.458 Thread 0x00000207ff94f2d0 nmethod 174 0x00000207805e0c90 code [0x00000207805e0e80, 0x00000207805e1328]
Event: 0.461 Thread 0x00000207ff94f2d0  175       3       java.lang.String::getBytes (46 bytes)
Event: 0.461 Thread 0x00000207ff94f2d0 nmethod 175 0x00000207805e1510 code [0x00000207805e16e0, 0x00000207805e19f8]
Event: 0.462 Thread 0x00000207ff94f2d0  177       3       jdk.internal.misc.Unsafe::putReferenceRelease (9 bytes)
Event: 0.462 Thread 0x00000207ff94f2d0 nmethod 177 0x00000207805e1b10 code [0x00000207805e1ca0, 0x00000207805e1df8]
Event: 0.462 Thread 0x00000207ff94f2d0  179       3       java.util.concurrent.ConcurrentHashMap::setTabAt (20 bytes)
Event: 0.462 Thread 0x00000207ff94f2d0 nmethod 179 0x00000207805e1e90 code [0x00000207805e2040, 0x00000207805e2248]
Event: 0.471 Thread 0x00000207ff94f2d0  181       3       java.lang.String::lastIndexOf (29 bytes)
Event: 0.472 Thread 0x00000207ff94f2d0 nmethod 181 0x00000207805e2310 code [0x00000207805e24e0, 0x00000207805e2778]
Event: 0.474 Thread 0x00000207ff94f2d0  182       3       java.lang.String::lastIndexOf (12 bytes)
Event: 0.474 Thread 0x00000207ff94f2d0 nmethod 182 0x00000207805e2890 code [0x00000207805e2a80, 0x00000207805e2e78]
Event: 0.483 Thread 0x00000207ff94f2d0  183       3       java.io.BufferedInputStream::getBufIfOpen (21 bytes)
Event: 0.484 Thread 0x00000207ff94f2d0 nmethod 183 0x00000207805e3010 code [0x00000207805e31c0, 0x00000207805e33e8]
Event: 0.484 Thread 0x00000207ff94f2d0  184       3       java.lang.StringUTF16::compress (50 bytes)
Event: 0.484 Thread 0x00000207ff94f2d0 nmethod 184 0x00000207805e3510 code [0x00000207805e36c0, 0x00000207805e3918]
Event: 0.484 Thread 0x00000207ff94f2d0  185  s    3       java.io.BufferedInputStream::read (49 bytes)
Event: 0.485 Thread 0x00000207ff94f2d0 nmethod 185 0x00000207805e3a90 code [0x00000207805e3c60, 0x00000207805e40f8]
Event: 0.485 Thread 0x00000207ff94f2d0  186       3       java.io.DataInputStream::readUTF (501 bytes)

GC Heap History (0 events):
No events

Dll operation events (2 events):
Event: 0.017 Loaded shared library C:\Program Files\JetBrains\PhpStorm 2022.3.2\jbr\bin\java.dll
Event: 0.410 Loaded shared library C:\Program Files\JetBrains\PhpStorm 2022.3.2\jbr\bin\verify.dll

Deoptimization events (20 events):
Event: 0.301 Thread 0x00000207f39ebeb0 DEOPT PACKING pc=0x00000207805bbc0c sp=0x00000055c0bf9f80
Event: 0.301 Thread 0x00000207f39ebeb0 DEOPT UNPACKING pc=0x0000020780052b43 sp=0x00000055c0bf9410 mode 0
Event: 0.301 Thread 0x00000207f39ebeb0 DEOPT PACKING pc=0x00000207805bbc0c sp=0x00000055c0bf9f80
Event: 0.301 Thread 0x00000207f39ebeb0 DEOPT UNPACKING pc=0x0000020780052b43 sp=0x00000055c0bf9410 mode 0
Event: 0.302 Thread 0x00000207f39ebeb0 DEOPT PACKING pc=0x00000207805bbc0c sp=0x00000055c0bf9f80
Event: 0.302 Thread 0x00000207f39ebeb0 DEOPT UNPACKING pc=0x0000020780052b43 sp=0x00000055c0bf9410 mode 0
Event: 0.302 Thread 0x00000207f39ebeb0 DEOPT PACKING pc=0x00000207805bbc0c sp=0x00000055c0bf9f80
Event: 0.302 Thread 0x00000207f39ebeb0 DEOPT UNPACKING pc=0x0000020780052b43 sp=0x00000055c0bf9410 mode 0
Event: 0.302 Thread 0x00000207f39ebeb0 DEOPT PACKING pc=0x00000207805bbc0c sp=0x00000055c0bf9f80
Event: 0.302 Thread 0x00000207f39ebeb0 DEOPT UNPACKING pc=0x0000020780052b43 sp=0x00000055c0bf9410 mode 0
Event: 0.302 Thread 0x00000207f39ebeb0 DEOPT PACKING pc=0x00000207805bbc0c sp=0x00000055c0bf9f80
Event: 0.302 Thread 0x00000207f39ebeb0 DEOPT UNPACKING pc=0x0000020780052b43 sp=0x00000055c0bf9410 mode 0
Event: 0.302 Thread 0x00000207f39ebeb0 DEOPT PACKING pc=0x00000207805bbc0c sp=0x00000055c0bf9f80
Event: 0.302 Thread 0x00000207f39ebeb0 DEOPT UNPACKING pc=0x0000020780052b43 sp=0x00000055c0bf9410 mode 0
Event: 0.444 Thread 0x00000207f39ebeb0 DEOPT PACKING pc=0x00000207805ce32a sp=0x00000055c0bfdae0
Event: 0.445 Thread 0x00000207f39ebeb0 DEOPT UNPACKING pc=0x0000020780052b43 sp=0x00000055c0bfd070 mode 0
Event: 0.446 Thread 0x00000207f39ebeb0 Uncommon trap: trap_request=0xffffff45 fr.pc=0x0000020787ad93c4 relative=0x0000000000001044
Event: 0.446 Thread 0x00000207f39ebeb0 Uncommon trap: reason=unstable_if action=reinterpret pc=0x0000020787ad93c4 method=java.util.zip.ZipFile$Source.initCEN(I)V @ 379 c2
Event: 0.446 Thread 0x00000207f39ebeb0 DEOPT PACKING pc=0x0000020787ad93c4 sp=0x00000055c0bfdbd0
Event: 0.446 Thread 0x00000207f39ebeb0 DEOPT UNPACKING pc=0x00000207800523a3 sp=0x00000055c0bfdb78 mode 2

Classes unloaded (0 events):
No events

Classes redefined (0 events):
No events

Internal exceptions (0 events):
No events

VM Operations (6 events):
Event: 0.352 Executing VM operation: HandshakeAllThreads
Event: 0.352 Executing VM operation: HandshakeAllThreads done
Event: 0.352 Executing VM operation: HandshakeAllThreads
Event: 0.352 Executing VM operation: HandshakeAllThreads done
Event: 0.467 Executing VM operation: HandshakeAllThreads
Event: 0.467 Executing VM operation: HandshakeAllThreads done

Events (20 events):
Event: 0.478 loading class java/text/DateFormat$Field
Event: 0.478 loading class java/text/Format$Field
Event: 0.478 loading class java/text/AttributedCharacterIterator$Attribute
Event: 0.478 loading class java/text/AttributedCharacterIterator$Attribute done
Event: 0.478 loading class java/text/Format$Field done
Event: 0.478 loading class java/text/DateFormat$Field done
Event: 0.478 loading class java/util/Locale$Category
Event: 0.478 loading class java/util/Locale$Category done
Event: 0.478 loading class java/util/Calendar
Event: 0.479 loading class java/util/Calendar done
Event: 0.479 loading class java/util/TimeZone
Event: 0.479 loading class java/util/TimeZone done
Event: 0.480 loading class sun/util/calendar/ZoneInfo
Event: 0.481 loading class sun/util/calendar/ZoneInfo done
Event: 0.481 loading class sun/util/calendar/ZoneInfoFile
Event: 0.481 loading class sun/util/calendar/ZoneInfoFile done
Event: 0.482 loading class sun/util/calendar/ZoneInfoFile$1
Event: 0.482 loading class sun/util/calendar/ZoneInfoFile$1 done
Event: 0.482 loading class java/io/DataInputStream
Event: 0.482 loading class java/io/DataInputStream done


Dynamic libraries:
0x00007ff7c7030000 - 0x00007ff7c703a000 	C:\Program Files\JetBrains\PhpStorm 2022.3.2\jbr\bin\java.exe
0x00007ffa05770000 - 0x00007ffa05984000 	C:\Windows\SYSTEM32\ntdll.dll
0x00007ffa03f10000 - 0x00007ffa03fd3000 	C:\Windows\System32\KERNEL32.DLL
0x00007ffa02d10000 - 0x00007ffa030ac000 	C:\Windows\System32\KERNELBASE.dll
0x00007ffa02b80000 - 0x00007ffa02c91000 	C:\Windows\System32\ucrtbase.dll
0x00007ff9f7c60000 - 0x00007ff9f7c77000 	C:\Program Files\JetBrains\PhpStorm 2022.3.2\jbr\bin\jli.dll
0x00007ff9dfe90000 - 0x00007ff9dfeab000 	C:\Program Files\JetBrains\PhpStorm 2022.3.2\jbr\bin\VCRUNTIME140.dll
0x00007ffa036f0000 - 0x00007ffa0389d000 	C:\Windows\System32\USER32.dll
0x00007ffa03150000 - 0x00007ffa03176000 	C:\Windows\System32\win32u.dll
0x00007ff9e9fe0000 - 0x00007ff9ea26e000 	C:\Windows\WinSxS\amd64_microsoft.windows.common-controls_6595b64144ccf1df_6.0.22621.608_none_a9444ca7c10bb01d\COMCTL32.dll
0x00007ffa055a0000 - 0x00007ffa055c9000 	C:\Windows\System32\GDI32.dll
0x00007ffa04770000 - 0x00007ffa04817000 	C:\Windows\System32\msvcrt.dll
0x00007ffa03180000 - 0x00007ffa03293000 	C:\Windows\System32\gdi32full.dll
0x00007ffa030b0000 - 0x00007ffa0314a000 	C:\Windows\System32\msvcp_win.dll
0x00007ffa05560000 - 0x00007ffa05591000 	C:\Windows\System32\IMM32.DLL
0x00007ff9dfe60000 - 0x00007ff9dfe6c000 	C:\Program Files\JetBrains\PhpStorm 2022.3.2\jbr\bin\vcruntime140_1.dll
0x00007ff9c3d00000 - 0x00007ff9c3d8d000 	C:\Program Files\JetBrains\PhpStorm 2022.3.2\jbr\bin\msvcp140.dll
0x00007ff98e870000 - 0x00007ff98f4db000 	C:\Program Files\JetBrains\PhpStorm 2022.3.2\jbr\bin\server\jvm.dll
0x00007ffa041a0000 - 0x00007ffa0424e000 	C:\Windows\System32\ADVAPI32.dll
0x00007ffa055d0000 - 0x00007ffa05674000 	C:\Windows\System32\sechost.dll
0x00007ffa03a90000 - 0x00007ffa03ba5000 	C:\Windows\System32\RPCRT4.dll
0x00007ff9fc0d0000 - 0x00007ff9fc104000 	C:\Windows\SYSTEM32\WINMM.dll
0x00007ff9e1180000 - 0x00007ff9e1189000 	C:\Windows\SYSTEM32\WSOCK32.dll
0x00007ffa05680000 - 0x00007ffa056f1000 	C:\Windows\System32\WS2_32.dll
0x00007ff9f9bd0000 - 0x00007ff9f9bda000 	C:\Windows\SYSTEM32\VERSION.dll
0x00007ffa01ba0000 - 0x00007ffa01bb8000 	C:\Windows\SYSTEM32\kernel.appcore.dll
0x00007ff9fc5a0000 - 0x00007ff9fc5aa000 	C:\Program Files\JetBrains\PhpStorm 2022.3.2\jbr\bin\jimage.dll
0x00007ffa007b0000 - 0x00007ffa009de000 	C:\Windows\SYSTEM32\DBGHELP.DLL
0x00007ffa051d0000 - 0x00007ffa05559000 	C:\Windows\System32\combase.dll
0x00007ffa03e30000 - 0x00007ffa03f07000 	C:\Windows\System32\OLEAUT32.dll
0x00007ff9fa180000 - 0x00007ff9fa1b2000 	C:\Windows\SYSTEM32\dbgcore.DLL
0x00007ffa03410000 - 0x00007ffa0348b000 	C:\Windows\System32\bcryptPrimitives.dll
0x00007ff9eff90000 - 0x00007ff9effb5000 	C:\Program Files\JetBrains\PhpStorm 2022.3.2\jbr\bin\java.dll
0x00007ff9f0ca0000 - 0x00007ff9f0cb8000 	C:\Program Files\JetBrains\PhpStorm 2022.3.2\jbr\bin\zip.dll
0x00007ffa048d0000 - 0x00007ffa050c0000 	C:\Windows\System32\SHELL32.dll
0x00007ffa00b40000 - 0x00007ffa0140e000 	C:\Windows\SYSTEM32\windows.storage.dll
0x00007ffa00a00000 - 0x00007ffa00b3e000 	C:\Windows\SYSTEM32\wintypes.dll
0x00007ffa038a0000 - 0x00007ffa03991000 	C:\Windows\System32\SHCORE.dll
0x00007ffa039a0000 - 0x00007ffa039fe000 	C:\Windows\System32\shlwapi.dll
0x00007ffa02ab0000 - 0x00007ffa02ad1000 	C:\Windows\SYSTEM32\profapi.dll
0x00007ff9e1160000 - 0x00007ff9e1179000 	C:\Program Files\JetBrains\PhpStorm 2022.3.2\jbr\bin\net.dll
0x00007ff9fbed0000 - 0x00007ff9fbfff000 	C:\Windows\SYSTEM32\WINHTTP.dll
0x00007ffa02020000 - 0x00007ffa02089000 	C:\Windows\system32\mswsock.dll
0x00007ff9e10c0000 - 0x00007ff9e10d6000 	C:\Program Files\JetBrains\PhpStorm 2022.3.2\jbr\bin\nio.dll
0x00007ff9eff80000 - 0x00007ff9eff90000 	C:\Program Files\JetBrains\PhpStorm 2022.3.2\jbr\bin\verify.dll

dbghelp: loaded successfully - version: 4.0.5 - missing functions: none
symbol engine: initialized successfully - sym options: 0x614 - pdb path: .;C:\Program Files\JetBrains\PhpStorm 2022.3.2\jbr\bin;C:\Windows\SYSTEM32;C:\Windows\WinSxS\amd64_microsoft.windows.common-controls_6595b64144ccf1df_6.0.22621.608_none_a9444ca7c10bb01d;C:\Program Files\JetBrains\PhpStorm 2022.3.2\jbr\bin\server

VM Arguments:
java_command: git4idea.http.GitAskPassApp Password for 'https://Ulrich-HOUNGBO@github.com': 
java_class_path (initial): C:/Program Files/JetBrains/PhpStorm 2022.3.2/plugins/vcs-git/lib/git4idea-rt.jar;C:/Program Files/JetBrains/PhpStorm 2022.3.2/lib/externalProcess-rt.jar;C:/Program Files/JetBrains/PhpStorm 2022.3.2/lib/app.jar;C:/Program Files/JetBrains/PhpStorm 2022.3.2/lib/3rd-party-rt.jar
Launcher Type: SUN_STANDARD

[Global flags]
     intx CICompilerCount                          = 3                                         {product} {ergonomic}
     uint ConcGCThreads                            = 1                                         {product} {ergonomic}
     uint G1ConcRefinementThreads                  = 4                                         {product} {ergonomic}
   size_t G1HeapRegionSize                         = 1048576                                   {product} {ergonomic}
    uintx GCDrainStackTargetSize                   = 64                                        {product} {ergonomic}
   size_t InitialHeapSize                          = 100663296                                 {product} {ergonomic}
   size_t MarkStackSize                            = 4194304                                   {product} {ergonomic}
   size_t MaxHeapSize                              = 1579155456                                {product} {ergonomic}
   size_t MaxNewSize                               = 946864128                                 {product} {ergonomic}
   size_t MinHeapDeltaBytes                        = 1048576                                   {product} {ergonomic}
   size_t MinHeapSize                              = 8388608                                   {product} {ergonomic}
    uintx NonNMethodCodeHeapSize                   = 5832780                                {pd product} {ergonomic}
    uintx NonProfiledCodeHeapSize                  = 122912730                              {pd product} {ergonomic}
    uintx ProfiledCodeHeapSize                     = 122912730                              {pd product} {ergonomic}
    uintx ReservedCodeCacheSize                    = 251658240                              {pd product} {ergonomic}
     bool SegmentedCodeCache                       = true                                      {product} {ergonomic}
   size_t SoftMaxHeapSize                          = 1579155456                             {manageable} {ergonomic}
     bool UseCompressedClassPointers               = true                           {product lp64_product} {ergonomic}
     bool UseCompressedOops                        = true                           {product lp64_product} {ergonomic}
     bool UseG1GC                                  = true                                      {product} {ergonomic}
     bool UseLargePagesIndividualAllocation        = false                                  {pd product} {ergonomic}

Logging:
Log output configuration:
 #0: stdout all=warning uptime,level,tags
 #1: stderr all=off uptime,level,tags

Environment Variables:
PATH=C:\Program Files\Git\mingw64\libexec\git-core;C:\Program Files\Git\mingw64\libexec\git-core;C:\Program Files\Git\mingw64\bin;C:\Program Files\Git\usr\bin;C:\Users\uhoun\bin;C:\Program Files\Common Files\Oracle\Java\javapath;C:\Windows\system32;C:\Windows;C:\Windows\System32\Wbem;C:\Windows\System32\WindowsPowerShell\v1.0;C:\Windows\System32\OpenSSH;C:\Program Files\nodejs;C:\Program Files\dotnet;C:\Program Files (x86)\AMD\ATI.ACE\Core-Static;C:\ProgramData\ComposerSetup\bin;C:\Program Files\starship\bin;C:\Program Files\Git\cmd;C:\ProgramData\chocolatey\bin;C:\wamp64\bin\php\php8.2.0;C:\tools\php82;C:\Program Files\MySQL\MySQL Shell 8.0\bin;C:\Users\uhoun\scoop\shims;C:\Users\uhoun\AppData\Local\Programs\Python\Python311\Scripts;C:\Users\uhoun\AppData\Local\Programs\Python\Python311;C:\Users\uhoun\AppData\Local\Microsoft\WindowsApps;C:\Users\uhoun\AppData\Roaming\npm;C:\Users\uhoun\AppData\Local\Programs\Microsoft VS Code\bin;C:\Users\uhoun\.dotnet\tools;C:\Users\uhoun\AppData\Local\GitHubDesktop\bin;C:\Users\uhoun\AppData\Local\Programs\oh-my-posh\bin;C:\Users\uhoun\AppData\Roaming\Composer\vendor\bin;C:\Users\uhoun\AppData\Local\JetBrains\Toolbox\scripts
USERNAME=uhoun
DISPLAY=:0.0
LC_ALL=en_US.UTF-8
TERM=xterm-256color
TMPDIR=C:\Users\uhoun\AppData\Local\Temp
OS=Windows_NT
PROCESSOR_IDENTIFIER=AMD64 Family 23 Model 24 Stepping 1, AuthenticAMD
TMP=C:\Users\uhoun\AppData\Local\Temp
TEMP=C:\Users\uhoun\AppData\Local\Temp



---------------  S Y S T E M  ---------------

OS:
 Windows 11 , 64 bit Build 22621 (10.0.22621.1344)
OS uptime: 0 days 15:46 hours
Hyper-V role detected

CPU: total 4 (initial active 4) (4 cores per cpu, 2 threads per core) family 23 model 24 stepping 1 microcode 0x0, cx8, cmov, fxsr, ht, mmx, 3dnowpref, sse, sse2, sse3, ssse3, sse4a, sse4.1, sse4.2, popcnt, lzcnt, tsc, tscinvbit, avx, avx2, aes, clmul, bmi1, bmi2, adx, sha, fma, vzeroupper, clflush, clflushopt, hv

Memory: 4k page, system-wide physical 6020M (221M free)
TotalPageFile size 24452M (AvailPageFile size 1M)
current process WorkingSet (physical memory assigned to process): 56M, peak: 56M
current process commit charge ("private bytes"): 169M, peak: 169M

vm_info: OpenJDK 64-Bit Server VM (17.0.5+1-b653.25) for windows-amd64 JRE (17.0.5+1-b653.25), built on 2023-01-04 by "builduser" with MS VC++ 16.10 / 16.11 (VS2019)

END.
